<?xml version="1.0" encoding="UTF-8"?>
<coverage generated="1244146685" phpunit="3.3.9">
  <project name="Org_Heigl_Ghostscript" timestamp="1244146685">
    <file name="/Volumes/Daten/Users/Shared/Sites/Ghostscript/src/Org/Heigl/Ghostscript.php">
      <class name="Org_Heigl_Ghostscript" namespace="global" fullPackage="Org_Heigl_Ghostscript" category="Org_Heigl" package="Org_Heigl_Ghostscript">
        <metrics methods="22" coveredmethods="22" statements="93" coveredstatements="82" elements="115" coveredelements="104"/>
      </class>
      <line num="162" type="method" count="12"/>
      <line num="163" type="stmt" count="12"/>
      <line num="164" type="stmt" count="12"/>
      <line num="165" type="stmt" count="12"/>
      <line num="166" type="stmt" count="12"/>
      <line num="167" type="stmt" count="12"/>
      <line num="168" type="stmt" count="12"/>
      <line num="169" type="stmt" count="12"/>
      <line num="177" type="method" count="5"/>
      <line num="178" type="stmt" count="5"/>
      <line num="193" type="method" count="4"/>
      <line num="194" type="stmt" count="4"/>
      <line num="195" type="stmt" count="4"/>
      <line num="196" type="stmt" count="4"/>
      <line num="197" type="stmt" count="4"/>
      <line num="198" type="stmt" count="0"/>
      <line num="199" type="stmt" count="0"/>
      <line num="200" type="stmt" count="0"/>
      <line num="201" type="stmt" count="0"/>
      <line num="203" type="stmt" count="0"/>
      <line num="204" type="stmt" count="4"/>
      <line num="205" type="stmt" count="4"/>
      <line num="213" type="method" count="3"/>
      <line num="214" type="stmt" count="3"/>
      <line num="231" type="method" count="1"/>
      <line num="232" type="stmt" count="1"/>
      <line num="233" type="stmt" count="1"/>
      <line num="234" type="stmt" count="1"/>
      <line num="235" type="stmt" count="1"/>
      <line num="236" type="stmt" count="1"/>
      <line num="247" type="method" count="3"/>
      <line num="248" type="stmt" count="3"/>
      <line num="249" type="stmt" count="2"/>
      <line num="251" type="stmt" count="1"/>
      <line num="264" type="method" count="3"/>
      <line num="265" type="stmt" count="3"/>
      <line num="266" type="stmt" count="3"/>
      <line num="268" type="stmt" count="1"/>
      <line num="276" type="method" count="1"/>
      <line num="278" type="stmt" count="1"/>
      <line num="281" type="stmt" count="1"/>
      <line num="282" type="stmt" count="1"/>
      <line num="285" type="stmt" count="1"/>
      <line num="287" type="stmt" count="1"/>
      <line num="288" type="stmt" count="0"/>
      <line num="290" type="stmt" count="1"/>
      <line num="298" type="method" count="2"/>
      <line num="299" type="stmt" count="2"/>
      <line num="300" type="stmt" count="2"/>
      <line num="302" type="stmt" count="2"/>
      <line num="303" type="stmt" count="2"/>
      <line num="304" type="stmt" count="2"/>
      <line num="305" type="stmt" count="2"/>
      <line num="306" type="stmt" count="2"/>
      <line num="307" type="stmt" count="2"/>
      <line num="308" type="stmt" count="1"/>
      <line num="309" type="stmt" count="1"/>
      <line num="310" type="stmt" count="2"/>
      <line num="311" type="stmt" count="1"/>
      <line num="312" type="stmt" count="1"/>
      <line num="313" type="stmt" count="2"/>
      <line num="314" type="stmt" count="2"/>
      <line num="321" type="method" count="3"/>
      <line num="322" type="stmt" count="3"/>
      <line num="323" type="stmt" count="2"/>
      <line num="325" type="stmt" count="3"/>
      <line num="335" type="method" count="2"/>
      <line num="337" type="stmt" count="2"/>
      <line num="338" type="stmt" count="2"/>
      <line num="339" type="stmt" count="2"/>
      <line num="340" type="stmt" count="2"/>
      <line num="355" type="method" count="2"/>
      <line num="356" type="stmt" count="2"/>
      <line num="365" type="method" count="3"/>
      <line num="366" type="stmt" count="3"/>
      <line num="367" type="stmt" count="2"/>
      <line num="369" type="stmt" count="3"/>
      <line num="379" type="method" count="2"/>
      <line num="381" type="stmt" count="2"/>
      <line num="382" type="stmt" count="2"/>
      <line num="383" type="stmt" count="2"/>
      <line num="384" type="stmt" count="2"/>
      <line num="399" type="method" count="2"/>
      <line num="400" type="stmt" count="2"/>
      <line num="416" type="method" count="1"/>
      <line num="417" type="stmt" count="1"/>
      <line num="418" type="stmt" count="1"/>
      <line num="419" type="stmt" count="1"/>
      <line num="420" type="stmt" count="1"/>
      <line num="423" type="stmt" count="1"/>
      <line num="438" type="method" count="3"/>
      <line num="439" type="stmt" count="3"/>
      <line num="449" type="method" count="9"/>
      <line num="451" type="stmt" count="9"/>
      <line num="452" type="stmt" count="9"/>
      <line num="453" type="stmt" count="9"/>
      <line num="454" type="stmt" count="9"/>
      <line num="455" type="stmt" count="9"/>
      <line num="456" type="stmt" count="9"/>
      <line num="457" type="stmt" count="9"/>
      <line num="473" type="method" count="9"/>
      <line num="474" type="stmt" count="9"/>
      <line num="475" type="stmt" count="9"/>
      <line num="482" type="method" count="3"/>
      <line num="483" type="stmt" count="3"/>
      <line num="493" type="method" count="1"/>
      <line num="494" type="stmt" count="1"/>
      <line num="495" type="stmt" count="1"/>
      <line num="503" type="method" count="1"/>
      <line num="504" type="stmt" count="1"/>
      <metrics loc="515" ncloc="201" classes="1" methods="22" coveredmethods="22" statements="88" coveredstatements="82" elements="110" coveredelements="104"/>
    </file>
    <file name="/Volumes/Daten/Users/Shared/Sites/Ghostscript/src/Org/Heigl/Ghostscript/Device/Jpeg.php">
      <class name="Org_Heigl_Ghostscript_Device_Jpeg" namespace="global" fullPackage="Org_Heigl_Ghostscript.Devices" category="Org_Heigl" package="Org_Heigl_Ghostscript" subpackage="Devices">
        <metrics methods="5" coveredmethods="5" statements="17" coveredstatements="17" elements="22" coveredelements="22"/>
      </class>
      <line num="57" type="method" count="3"/>
      <line num="58" type="stmt" count="3"/>
      <line num="66" type="method" count="2"/>
      <line num="67" type="stmt" count="2"/>
      <line num="68" type="stmt" count="2"/>
      <line num="69" type="stmt" count="2"/>
      <line num="70" type="stmt" count="2"/>
      <line num="72" type="stmt" count="2"/>
      <line num="84" type="method" count="2"/>
      <line num="85" type="stmt" count="2"/>
      <line num="87" type="stmt" count="2"/>
      <line num="88" type="stmt" count="2"/>
      <line num="89" type="stmt" count="2"/>
      <line num="91" type="stmt" count="2"/>
      <line num="92" type="stmt" count="2"/>
      <line num="93" type="stmt" count="2"/>
      <line num="95" type="stmt" count="2"/>
      <line num="97" type="stmt" count="2"/>
      <line num="105" type="method" count="3"/>
      <line num="106" type="stmt" count="3"/>
      <line num="121" type="method" count="2"/>
      <line num="122" type="stmt" count="2"/>
      <metrics loc="124" ncloc="45" classes="1" methods="5" coveredmethods="5" statements="17" coveredstatements="17" elements="22" coveredelements="22"/>
    </file>
    <file name="/Volumes/Daten/Users/Shared/Sites/Ghostscript/src/Org/Heigl/Ghostscript/Device/Png.php">
      <class name="Org_Heigl_Ghostscript_Device_Png" namespace="global" fullPackage="Org_Heigl_Ghostscript.Devices" category="Org_Heigl" package="Org_Heigl_Ghostscript" subpackage="Devices">
        <metrics methods="6" coveredmethods="6" statements="25" coveredstatements="25" elements="31" coveredelements="31"/>
      </class>
      <line num="67" type="method" count="6"/>
      <line num="68" type="stmt" count="6"/>
      <line num="83" type="method" count="2"/>
      <line num="85" type="stmt" count="2"/>
      <line num="87" type="stmt" count="2"/>
      <line num="88" type="stmt" count="2"/>
      <line num="89" type="stmt" count="2"/>
      <line num="90" type="stmt" count="2"/>
      <line num="91" type="stmt" count="2"/>
      <line num="93" type="stmt" count="2"/>
      <line num="94" type="stmt" count="2"/>
      <line num="95" type="stmt" count="2"/>
      <line num="96" type="stmt" count="2"/>
      <line num="97" type="stmt" count="2"/>
      <line num="100" type="stmt" count="2"/>
      <line num="108" type="method" count="3"/>
      <line num="109" type="stmt" count="3"/>
      <line num="110" type="stmt" count="3"/>
      <line num="111" type="stmt" count="1"/>
      <line num="112" type="stmt" count="1"/>
      <line num="114" type="stmt" count="3"/>
      <line num="126" type="method" count="2"/>
      <line num="128" type="stmt" count="2"/>
      <line num="129" type="stmt" count="1"/>
      <line num="130" type="stmt" count="1"/>
      <line num="132" type="stmt" count="2"/>
      <line num="134" type="stmt" count="2"/>
      <line num="142" type="method" count="4"/>
      <line num="143" type="stmt" count="4"/>
      <line num="157" type="method" count="3"/>
      <line num="158" type="stmt" count="3"/>
      <metrics loc="160" ncloc="61" classes="1" methods="6" coveredmethods="6" statements="25" coveredstatements="25" elements="31" coveredelements="31"/>
    </file>
    <file name="/Volumes/Daten/Users/Shared/Sites/Ghostscript/tests/Org/Heigl/AllTests.php">
      <class name="Org_Heigl_AllTests" namespace="global" fullPackage="Org_Heigl_Ghostscript.UnitTests" category="Org_Heigl" package="Org_Heigl_Ghostscript" subpackage="UnitTests">
        <metrics methods="2" coveredmethods="0" statements="7" coveredstatements="0" elements="9" coveredelements="0"/>
      </class>
      <line num="57" type="method" count="0"/>
      <line num="58" type="stmt" count="0"/>
      <line num="59" type="stmt" count="0"/>
      <line num="61" type="method" count="0"/>
      <line num="63" type="stmt" count="0"/>
      <line num="65" type="stmt" count="0"/>
      <line num="66" type="stmt" count="0"/>
      <line num="68" type="stmt" count="0"/>
      <line num="69" type="stmt" count="0"/>
      <line num="71" type="stmt" count="0"/>
      <metrics loc="74" ncloc="26" classes="1" methods="2" coveredmethods="0" statements="8" coveredstatements="0" elements="10" coveredelements="0"/>
    </file>
    <file name="/Volumes/Daten/Users/Shared/Sites/Ghostscript/tests/AllTests.php">
      <class name="AllTests" namespace="global">
        <metrics methods="2" coveredmethods="0" statements="5" coveredstatements="0" elements="7" coveredelements="0"/>
      </class>
      <line num="51" type="method" count="0"/>
      <line num="53" type="stmt" count="0"/>
      <line num="54" type="stmt" count="0"/>
      <line num="56" type="method" count="0"/>
      <line num="57" type="stmt" count="0"/>
      <line num="59" type="stmt" count="0"/>
      <line num="61" type="stmt" count="0"/>
      <line num="63" type="stmt" count="0"/>
      <metrics loc="69" ncloc="35" classes="1" methods="2" coveredmethods="0" statements="6" coveredstatements="0" elements="8" coveredelements="0"/>
    </file>
    <file name="/Volumes/Daten/Users/Shared/Sites/Ghostscript/tests/Org/Heigl/Ghostscript/Device/AllTests.php">
      <class name="Org_Heigl_Ghostscript_Device_AllTests" namespace="global" fullPackage="Org_Heigl_Ghostscript.UnitTests" category="Org_Heigl" package="Org_Heigl_Ghostscript" subpackage="UnitTests">
        <metrics methods="2" coveredmethods="0" statements="9" coveredstatements="0" elements="11" coveredelements="0"/>
      </class>
      <line num="57" type="method" count="0"/>
      <line num="58" type="stmt" count="0"/>
      <line num="59" type="stmt" count="0"/>
      <line num="61" type="method" count="0"/>
      <line num="63" type="stmt" count="0"/>
      <line num="65" type="stmt" count="0"/>
      <line num="66" type="stmt" count="0"/>
      <line num="67" type="stmt" count="0"/>
      <line num="69" type="stmt" count="0"/>
      <line num="70" type="stmt" count="0"/>
      <line num="71" type="stmt" count="0"/>
      <line num="73" type="stmt" count="0"/>
      <metrics loc="76" ncloc="28" classes="1" methods="2" coveredmethods="0" statements="10" coveredstatements="0" elements="12" coveredelements="0"/>
    </file>
    <file name="/Volumes/Daten/Users/Shared/Sites/Ghostscript/src/Org/Heigl/Ghostscript/Device/Abstract.php">
      <class name="Org_Heigl_Ghostscript_Device_Abstract" namespace="global" fullPackage="Org_Heigl_Ghostscript.Devices" category="Org_Heigl" package="Org_Heigl_Ghostscript" subpackage="Devices">
        <metrics methods="3" coveredmethods="1" statements="-1" coveredstatements="1" elements="2" coveredelements="2"/>
      </class>
      <line num="54" type="method" count="0"/>
      <line num="61" type="method" count="1"/>
      <line num="62" type="stmt" count="1"/>
      <line num="70" type="method" count="0"/>
      <metrics loc="72" ncloc="13" classes="1" methods="3" coveredmethods="1" statements="1" coveredstatements="1" elements="4" coveredelements="2"/>
    </file>
    <metrics files="7" loc="1090" ncloc="409" classes="7" methods="42" coveredmethods="34" statements="155" coveredstatements="125" elements="197" coveredelements="159"/>
  </project>
</coverage>
